# JRE version: Java(TM) SE Runtime Environment (8.0_60-b27) (build 1.8.0_60-b27)
# Java VM: Java HotSpot(TM) 64-Bit Server VM (25.60-b23 mixed mode bsd-amd64 compressed oops)
Heap:
 PSYoungGen      total 45568K, used 21173K [0x0000000795580000, 0x0000000799480000, 0x00000007c0000000)
  eden space 27648K, 76% used [0x0000000795580000,0x0000000796a0d7b0,0x0000000797080000)
  from space 17920K, 0% used [0x0000000798280000,0x00000007982a0000,0x0000000799400000)
  to   space 18432K, 0% used [0x0000000797080000,0x0000000797080000,0x0000000798280000)
 ParOldGen       total 87552K, used 39557K [0x0000000740000000, 0x0000000745580000, 0x0000000795580000)
  object space 87552K, 45% used [0x0000000740000000,0x00000007426a14d8,0x0000000745580000)
 Metaspace       used 19506K, capacity 19675K, committed 19968K, reserved 1067008K
  class space    used 1883K, capacity 1950K, committed 2048K, reserved 1048576K
GC Heap History (10 events):
Event: 17.432 GC heap before
{Heap before GC invocations=8 (full 0):
 PSYoungGen      total 45568K, used 44256K [0x0000000795580000, 0x0000000799080000, 0x00000007c0000000)
  eden space 31744K, 100% used [0x0000000795580000,0x0000000797480000,0x0000000797480000)
  from space 13824K, 90% used [0x0000000797500000,0x0000000798138300,0x0000000798280000)
  to   space 14336K, 0% used [0x0000000798280000,0x0000000798280000,0x0000000799080000)
 ParOldGen       total 87552K, used 24764K [0x0000000740000000, 0x0000000745580000, 0x0000000795580000)
  object space 87552K, 28% used [0x0000000740000000,0x000000074182f148,0x0000000745580000)
 Metaspace       used 19324K, capacity 19547K, committed 19712K, reserved 1067008K
  class space    used 1874K, capacity 1950K, committed 2048K, reserved 1048576K
Event: 17.438 GC heap after
Heap after GC invocations=8 (full 0):
 PSYoungGen      total 44544K, used 14240K [0x0000000795580000, 0x0000000799300000, 0x00000007c0000000)
  eden space 30208K, 0% used [0x0000000795580000,0x0000000795580000,0x0000000797300000)
  from space 14336K, 99% used [0x0000000798280000,0x0000000799068370,0x0000000799080000)
  to   space 15872K, 0% used [0x0000000797300000,0x0000000797300000,0x0000000798280000)
 ParOldGen       total 87552K, used 25308K [0x0000000740000000, 0x0000000745580000, 0x0000000795580000)
  object space 87552K, 28% used [0x0000000740000000,0x00000007418b7168,0x0000000745580000)
 Metaspace       used 19324K, capacity 19547K, committed 19712K, reserved 1067008K
  class space    used 1874K, capacity 1950K, committed 2048K, reserved 1048576K
}
Event: 27.532 GC heap before
{Heap before GC invocations=9 (full 0):
 PSYoungGen      total 44544K, used 44448K [0x0000000795580000, 0x0000000799300000, 0x00000007c0000000)
  eden space 30208K, 100% used [0x0000000795580000,0x0000000797300000,0x0000000797300000)
  from space 14336K, 99% used [0x0000000798280000,0x0000000799068370,0x0000000799080000)
  to   space 15872K, 0% used [0x0000000797300000,0x0000000797300000,0x0000000798280000)
 ParOldGen       total 87552K, used 25308K [0x0000000740000000, 0x0000000745580000, 0x0000000795580000)
  object space 87552K, 28% used [0x0000000740000000,0x00000007418b7168,0x0000000745580000)
 Metaspace       used 19470K, capacity 19675K, committed 19968K, reserved 1067008K
  class space    used 1874K, capacity 1950K, committed 2048K, reserved 1048576K
Event: 27.538 GC heap after
Heap after GC invocations=9 (full 0):
 PSYoungGen      total 37888K, used 8096K [0x0000000795580000, 0x0000000799180000, 0x00000007c0000000)
  eden space 29696K, 0% used [0x0000000795580000,0x0000000795580000,0x0000000797280000)
  from space 8192K, 98% used [0x0000000797300000,0x0000000797ae81f0,0x0000000797b00000)
  to   space 15872K, 0% used [0x0000000798200000,0x0000000798200000,0x0000000799180000)
 ParOldGen       total 87552K, used 31484K [0x0000000740000000, 0x0000000745580000, 0x0000000795580000)
  object space 87552K, 35% used [0x0000000740000000,0x0000000741ebf2e8,0x0000000745580000)
 Metaspace       used 19470K, capacity 19675K, committed 19968K, reserved 1067008K
  class space    used 1874K, capacity 1950K, committed 2048K, reserved 1048576K
}
Event: 38.633 GC heap before
{Heap before GC invocations=10 (full 0):
 PSYoungGen      total 37888K, used 37792K [0x0000000795580000, 0x0000000799180000, 0x00000007c0000000)
  eden space 29696K, 100% used [0x0000000795580000,0x0000000797280000,0x0000000797280000)
  from space 8192K, 98% used [0x0000000797300000,0x0000000797ae81f0,0x0000000797b00000)
  to   space 15872K, 0% used [0x0000000798200000,0x0000000798200000,0x0000000799180000)
 ParOldGen       total 87552K, used 31484K [0x0000000740000000, 0x0000000745580000, 0x0000000795580000)
  object space 87552K, 35% used [0x0000000740000000,0x0000000741ebf2e8,0x0000000745580000)
 Metaspace       used 19470K, capacity 19675K, committed 19968K, reserved 1067008K
  class space    used 1874K, capacity 1950K, committed 2048K, reserved 1048576K
Event: 38.639 GC heap after
Heap after GC invocations=10 (full 0):
 PSYoungGen      total 44544K, used 128K [0x0000000795580000, 0x0000000799300000, 0x00000007c0000000)
  eden space 28672K, 0% used [0x0000000795580000,0x0000000795580000,0x0000000797180000)
  from space 15872K, 0% used [0x0000000798200000,0x0000000798220000,0x0000000799180000)
  to   space 16896K, 0% used [0x0000000797180000,0x0000000797180000,0x0000000798200000)
 ParOldGen       total 87552K, used 39477K [0x0000000740000000, 0x0000000745580000, 0x0000000795580000)
  object space 87552K, 45% used [0x0000000740000000,0x000000074268d4d8,0x0000000745580000)
 Metaspace       used 19470K, capacity 19675K, committed 19968K, reserved 1067008K
  class space    used 1874K, capacity 1950K, committed 2048K, reserved 1048576K
}
Event: 49.401 GC heap before
{Heap before GC invocations=11 (full 0):
 PSYoungGen      total 44544K, used 28800K [0x0000000795580000, 0x0000000799300000, 0x00000007c0000000)
  eden space 28672K, 100% used [0x0000000795580000,0x0000000797180000,0x0000000797180000)
  from space 15872K, 0% used [0x0000000798200000,0x0000000798220000,0x0000000799180000)
  to   space 16896K, 0% used [0x0000000797180000,0x0000000797180000,0x0000000798200000)
 ParOldGen       total 87552K, used 39477K [0x0000000740000000, 0x0000000745580000, 0x0000000795580000)
  object space 87552K, 45% used [0x0000000740000000,0x000000074268d4d8,0x0000000745580000)
 Metaspace       used 19470K, capacity 19675K, committed 19968K, reserved 1067008K
  class space    used 1874K, capacity 1950K, committed 2048K, reserved 1048576K
Event: 49.403 GC heap after
Heap after GC invocations=11 (full 0):
 PSYoungGen      total 45056K, used 96K [0x0000000795580000, 0x0000000799400000, 0x00000007c0000000)
  eden space 28160K, 0% used [0x0000000795580000,0x0000000795580000,0x0000000797100000)
  from space 16896K, 0% used [0x0000000797180000,0x0000000797198000,0x0000000798200000)
  to   space 17920K, 0% used [0x0000000798280000,0x0000000798280000,0x0000000799400000)
 ParOldGen       total 87552K, used 39541K [0x0000000740000000, 0x0000000745580000, 0x0000000795580000)
  object space 87552K, 45% used [0x0000000740000000,0x000000074269d4d8,0x0000000745580000)
 Metaspace       used 19470K, capacity 19675K, committed 19968K, reserved 1067008K
  class space    used 1874K, capacity 1950K, committed 2048K, reserved 1048576K
}
Event: 59.985 GC heap before
{Heap before GC invocations=12 (full 0):
 PSYoungGen      total 45056K, used 28256K [0x0000000795580000, 0x0000000799400000, 0x00000007c0000000)
  eden space 28160K, 100% used [0x0000000795580000,0x0000000797100000,0x0000000797100000)
  from space 16896K, 0% used [0x0000000797180000,0x0000000797198000,0x0000000798200000)
  to   space 17920K, 0% used [0x0000000798280000,0x0000000798280000,0x0000000799400000)
 ParOldGen       total 87552K, used 39541K [0x0000000740000000, 0x0000000745580000, 0x0000000795580000)
  object space 87552K, 45% used [0x0000000740000000,0x000000074269d4d8,0x0000000745580000)
 Metaspace       used 19470K, capacity 19675K, committed 19968K, reserved 1067008K
  class space    used 1875K, capacity 1950K, committed 2048K, reserved 1048576K
Event: 59.987 GC heap after
Heap after GC invocations=12 (full 0):
 PSYoungGen      total 45568K, used 128K [0x0000000795580000, 0x0000000799480000, 0x00000007c0000000)
  eden space 27648K, 0% used [0x0000000795580000,0x0000000795580000,0x0000000797080000)
  from space 17920K, 0% used [0x0000000798280000,0x00000007982a0000,0x0000000799400000)
  to   space 18432K, 0% used [0x0000000797080000,0x0000000797080000,0x0000000798280000)
 ParOldGen       total 87552K, used 39557K [0x0000000740000000, 0x0000000745580000, 0x0000000795580000)
  object space 87552K, 45% used [0x0000000740000000,0x00000007426a14d8,0x0000000745580000)
 Metaspace       used 19470K, capacity 19675K, committed 19968K, reserved 1067008K
  class space    used 1875K, capacity 1950K, committed 2048K, reserved 1048576K
}

